{
  "stats": {
    "suites": 1,
    "tests": 3,
    "passes": 3,
    "pending": 0,
    "failures": 0,
    "start": "2023-12-22T02:49:52.985Z",
    "end": "2023-12-22T02:50:12.711Z",
    "duration": 19726,
    "testsRegistered": 3,
    "passPercent": 100,
    "pendingPercent": 0,
    "other": 0,
    "hasOther": false,
    "skipped": 0,
    "hasSkipped": false
  },
  "results": [
    {
      "uuid": "ea79cf80-2d70-499f-9c62-c2ed0e2274c4",
      "title": "",
      "fullFile": "C:\\E2ETreinamentos\\codeceptjs-web-test\\e2e\\login_test.js",
      "file": "\\e2e\\login_test.js",
      "beforeHooks": [],
      "afterHooks": [],
      "tests": [],
      "suites": [
        {
          "uuid": "92562b2e-e497-43d9-a478-fd76303e0481",
          "title": "login",
          "fullFile": "C:\\E2ETreinamentos\\codeceptjs-web-test\\e2e\\login_test.js",
          "file": "\\e2e\\login_test.js",
          "beforeHooks": [
            {
              "title": "\"before all\" hook: codeceptjs.beforeSuite in \"login\"",
              "fullTitle": "login \"before all\" hook: codeceptjs.beforeSuite in \"login\"",
              "timedOut": false,
              "duration": 1571,
              "state": null,
              "speed": null,
              "pass": false,
              "fail": false,
              "pending": false,
              "context": null,
              "code": "scenario.suiteSetup(suite)",
              "err": {},
              "uuid": "9b06314c-d07e-4fc0-b99b-53299b5a0ed2",
              "parentUUID": "92562b2e-e497-43d9-a478-fd76303e0481",
              "isHook": true,
              "skipped": false
            },
            {
              "title": "\"before each\" hook: codeceptjs.before in \"login\"",
              "fullTitle": "login \"before each\" hook: codeceptjs.before in \"login\"",
              "timedOut": false,
              "duration": 181,
              "state": null,
              "speed": null,
              "pass": false,
              "fail": false,
              "pending": false,
              "context": null,
              "code": "scenario.setup(suite)",
              "err": {},
              "uuid": "b2078e61-f987-4017-8ce8-35639f56d4df",
              "parentUUID": "92562b2e-e497-43d9-a478-fd76303e0481",
              "isHook": true,
              "skipped": false
            }
          ],
          "afterHooks": [
            {
              "title": "\"after all\" hook: codeceptjs.afterSuite in \"login\"",
              "fullTitle": "login \"after all\" hook: codeceptjs.afterSuite in \"login\"",
              "timedOut": false,
              "duration": 1,
              "state": null,
              "speed": null,
              "pass": false,
              "fail": false,
              "pending": false,
              "context": null,
              "code": "scenario.suiteTeardown(suite)",
              "err": {},
              "uuid": "abc9df10-f9af-4c52-86bd-e094638190bb",
              "parentUUID": "92562b2e-e497-43d9-a478-fd76303e0481",
              "isHook": true,
              "skipped": false
            },
            {
              "title": "\"after each\" hook: finalize codeceptjs in \"login\"",
              "fullTitle": "login \"after each\" hook: finalize codeceptjs in \"login\"",
              "timedOut": false,
              "duration": 36,
              "state": null,
              "speed": null,
              "pass": false,
              "fail": false,
              "pending": false,
              "context": null,
              "code": "scenario.teardown(suite)",
              "err": {},
              "uuid": "6dbdd65c-96d4-4022-b9fb-185ebc88c946",
              "parentUUID": "92562b2e-e497-43d9-a478-fd76303e0481",
              "isHook": true,
              "skipped": false
            }
          ],
          "tests": [
            {
              "title": "deve realizar login com sucesso @positivo",
              "fullTitle": "login: deve realizar login com sucesso @positivo",
              "timedOut": false,
              "duration": 6153,
              "state": "passed",
              "speed": "slow",
              "pass": true,
              "fail": false,
              "pending": false,
              "context": null,
              "code": "I.amOnPage('/login?back=my-account')\nloginPage.preencherFormLogin('e2etreinamentos@email.com', 'Teste@123')\nloginPage.submitLogin()\nloginPage.validarMsg('Aluno Treinamentos')",
              "err": {},
              "uuid": "74ea5a5b-44f3-4172-8985-d4b4020da596",
              "parentUUID": "92562b2e-e497-43d9-a478-fd76303e0481",
              "isHook": false,
              "skipped": false
            },
            {
              "title": "nao deve realizar login com email invalido @negativo",
              "fullTitle": "login: nao deve realizar login com email invalido @negativo",
              "timedOut": false,
              "duration": 6091,
              "state": "passed",
              "speed": "slow",
              "pass": true,
              "fail": false,
              "pending": false,
              "context": null,
              "code": "I.amOnPage('/login?back=my-account')\nloginPage.preencherFormLogin('treinamentos@email.com', 'Teste@123')\nloginPage.submitLogin()\nloginPage.validarCredenciaisInvalidas()",
              "err": {},
              "uuid": "fd24dabd-85d0-4d21-8dcd-1b96f81d3d0b",
              "parentUUID": "92562b2e-e497-43d9-a478-fd76303e0481",
              "isHook": false,
              "skipped": false
            },
            {
              "title": "nao deve realizar login com senha invalida @negativo",
              "fullTitle": "login: nao deve realizar login com senha invalida @negativo",
              "timedOut": false,
              "duration": 4970,
              "state": "passed",
              "speed": "slow",
              "pass": true,
              "fail": false,
              "pending": false,
              "context": null,
              "code": "I.amOnPage('/login?back=my-account')\nloginPage.preencherFormLogin('e2etreinamentos@email.com', 'Teste')\nloginPage.submitLogin()\nloginPage.validarCredenciaisInvalidas()",
              "err": {},
              "uuid": "bf0d8e1c-9631-46c7-8d37-d550a141bb5a",
              "parentUUID": "92562b2e-e497-43d9-a478-fd76303e0481",
              "isHook": false,
              "skipped": false
            }
          ],
          "suites": [],
          "passes": [
            "74ea5a5b-44f3-4172-8985-d4b4020da596",
            "fd24dabd-85d0-4d21-8dcd-1b96f81d3d0b",
            "bf0d8e1c-9631-46c7-8d37-d550a141bb5a"
          ],
          "failures": [],
          "pending": [],
          "skipped": [],
          "duration": 17214,
          "root": false,
          "rootEmpty": false,
          "_timeout": 0
        }
      ],
      "passes": [],
      "failures": [],
      "pending": [],
      "skipped": [],
      "duration": 0,
      "root": true,
      "rootEmpty": true,
      "_timeout": 0
    }
  ],
  "meta": {
    "mocha": {
      "version": "10.2.0"
    },
    "mochawesome": {
      "options": {
        "quiet": false,
        "reportFilename": "mochawesome",
        "saveHtml": true,
        "saveJson": true,
        "consoleReporter": "spec",
        "useInlineDiffs": false,
        "code": true
      },
      "version": "7.1.3"
    },
    "marge": {
      "options": {
        "reportDir": "output"
      },
      "version": "6.2.0"
    }
  }
}